{"C:\\SCM\\babl.one\\babl.one-core\\release.mjs": {"path":"C:\\SCM\\babl.one\\babl.one-core\\release.mjs","all":true,"statementMap":{"0":{"start":{"line":1,"column":0},"end":{"line":1,"column":139}},"1":{"start":{"line":2,"column":0},"end":{"line":2,"column":28}},"2":{"start":{"line":3,"column":0},"end":{"line":3,"column":98}},"3":{"start":{"line":4,"column":0},"end":{"line":4,"column":141}},"4":{"start":{"line":5,"column":0},"end":{"line":5,"column":0}},"5":{"start":{"line":6,"column":0},"end":{"line":6,"column":145}},"6":{"start":{"line":7,"column":0},"end":{"line":7,"column":23}},"7":{"start":{"line":8,"column":0},"end":{"line":8,"column":147}},"8":{"start":{"line":9,"column":0},"end":{"line":9,"column":0}},"9":{"start":{"line":10,"column":0},"end":{"line":10,"column":74}},"10":{"start":{"line":11,"column":0},"end":{"line":11,"column":63}},"11":{"start":{"line":12,"column":0},"end":{"line":12,"column":0}},"12":{"start":{"line":13,"column":0},"end":{"line":13,"column":145}},"13":{"start":{"line":14,"column":0},"end":{"line":14,"column":17}},"14":{"start":{"line":15,"column":0},"end":{"line":15,"column":147}},"15":{"start":{"line":16,"column":0},"end":{"line":16,"column":0}},"16":{"start":{"line":17,"column":0},"end":{"line":17,"column":74}},"17":{"start":{"line":18,"column":0},"end":{"line":18,"column":0}},"18":{"start":{"line":19,"column":0},"end":{"line":19,"column":145}},"19":{"start":{"line":20,"column":0},"end":{"line":20,"column":25}},"20":{"start":{"line":21,"column":0},"end":{"line":21,"column":147}},"21":{"start":{"line":22,"column":0},"end":{"line":22,"column":0}},"22":{"start":{"line":23,"column":0},"end":{"line":23,"column":11}},"23":{"start":{"line":24,"column":0},"end":{"line":24,"column":43}},"24":{"start":{"line":25,"column":0},"end":{"line":25,"column":90}},"25":{"start":{"line":26,"column":0},"end":{"line":26,"column":0}},"26":{"start":{"line":27,"column":0},"end":{"line":27,"column":53}},"27":{"start":{"line":28,"column":0},"end":{"line":28,"column":67}},"28":{"start":{"line":29,"column":0},"end":{"line":29,"column":53}},"29":{"start":{"line":30,"column":0},"end":{"line":30,"column":0}},"30":{"start":{"line":31,"column":0},"end":{"line":31,"column":72}},"31":{"start":{"line":32,"column":0},"end":{"line":32,"column":70}},"32":{"start":{"line":33,"column":0},"end":{"line":33,"column":0}},"33":{"start":{"line":34,"column":0},"end":{"line":34,"column":39}},"34":{"start":{"line":35,"column":0},"end":{"line":35,"column":60}},"35":{"start":{"line":36,"column":0},"end":{"line":36,"column":0}},"36":{"start":{"line":37,"column":0},"end":{"line":37,"column":45}},"37":{"start":{"line":38,"column":0},"end":{"line":38,"column":56}},"38":{"start":{"line":39,"column":0},"end":{"line":39,"column":87}},"39":{"start":{"line":40,"column":0},"end":{"line":40,"column":70}},"40":{"start":{"line":41,"column":0},"end":{"line":41,"column":74}},"41":{"start":{"line":42,"column":0},"end":{"line":42,"column":0}},"42":{"start":{"line":43,"column":0},"end":{"line":43,"column":40}},"43":{"start":{"line":44,"column":0},"end":{"line":44,"column":74}},"44":{"start":{"line":45,"column":0},"end":{"line":45,"column":0}},"45":{"start":{"line":46,"column":0},"end":{"line":46,"column":63}},"46":{"start":{"line":47,"column":0},"end":{"line":47,"column":0}},"47":{"start":{"line":48,"column":0},"end":{"line":48,"column":21}},"48":{"start":{"line":49,"column":0},"end":{"line":49,"column":80}},"49":{"start":{"line":50,"column":0},"end":{"line":50,"column":28}},"50":{"start":{"line":51,"column":0},"end":{"line":51,"column":7}},"51":{"start":{"line":52,"column":0},"end":{"line":52,"column":0}},"52":{"start":{"line":53,"column":0},"end":{"line":53,"column":0}},"53":{"start":{"line":54,"column":0},"end":{"line":54,"column":145}},"54":{"start":{"line":55,"column":0},"end":{"line":55,"column":28}},"55":{"start":{"line":56,"column":0},"end":{"line":56,"column":147}},"56":{"start":{"line":57,"column":0},"end":{"line":57,"column":0}},"57":{"start":{"line":58,"column":0},"end":{"line":58,"column":35}},"58":{"start":{"line":59,"column":0},"end":{"line":59,"column":72}},"59":{"start":{"line":60,"column":0},"end":{"line":60,"column":23}},"60":{"start":{"line":61,"column":0},"end":{"line":61,"column":35}},"61":{"start":{"line":62,"column":0},"end":{"line":62,"column":7}}},"s":{"0":0,"1":0,"2":0,"3":0,"4":0,"5":0,"6":0,"7":0,"8":0,"9":0,"10":0,"11":0,"12":0,"13":0,"14":0,"15":0,"16":0,"17":0,"18":0,"19":0,"20":0,"21":0,"22":0,"23":0,"24":0,"25":0,"26":0,"27":0,"28":0,"29":0,"30":0,"31":0,"32":0,"33":0,"34":0,"35":0,"36":0,"37":0,"38":0,"39":0,"40":0,"41":0,"42":0,"43":0,"44":0,"45":0,"46":0,"47":0,"48":0,"49":0,"50":0,"51":0,"52":0,"53":0,"54":0,"55":0,"56":0,"57":0,"58":0,"59":0,"60":0,"61":0},"branchMap":{"0":{"type":"branch","line":1,"loc":{"start":{"line":1,"column":745},"end":{"line":62,"column":-304}},"locations":[{"start":{"line":1,"column":745},"end":{"line":62,"column":-304}}]}},"b":{"0":[0]},"fnMap":{"0":{"name":"(empty-report)","decl":{"start":{"line":1,"column":745},"end":{"line":62,"column":-304}},"loc":{"start":{"line":1,"column":745},"end":{"line":62,"column":-304}},"line":1}},"f":{"0":0}}
,"C:\\SCM\\babl.one\\babl.one-core\\scripts\\release.mjs": {"path":"C:\\SCM\\babl.one\\babl.one-core\\scripts\\release.mjs","all":true,"statementMap":{"0":{"start":{"line":1,"column":0},"end":{"line":1,"column":139}},"1":{"start":{"line":2,"column":0},"end":{"line":2,"column":28}},"2":{"start":{"line":3,"column":0},"end":{"line":3,"column":80}},"3":{"start":{"line":4,"column":0},"end":{"line":4,"column":141}},"4":{"start":{"line":5,"column":0},"end":{"line":5,"column":0}},"5":{"start":{"line":6,"column":0},"end":{"line":6,"column":145}},"6":{"start":{"line":7,"column":0},"end":{"line":7,"column":18}},"7":{"start":{"line":8,"column":0},"end":{"line":8,"column":147}},"8":{"start":{"line":9,"column":0},"end":{"line":9,"column":0}},"9":{"start":{"line":10,"column":0},"end":{"line":10,"column":60}},"10":{"start":{"line":11,"column":0},"end":{"line":11,"column":0}},"11":{"start":{"line":12,"column":0},"end":{"line":12,"column":145}},"12":{"start":{"line":13,"column":0},"end":{"line":13,"column":24}},"13":{"start":{"line":14,"column":0},"end":{"line":14,"column":147}},"14":{"start":{"line":15,"column":0},"end":{"line":15,"column":0}},"15":{"start":{"line":16,"column":0},"end":{"line":16,"column":60}},"16":{"start":{"line":17,"column":0},"end":{"line":17,"column":58}},"17":{"start":{"line":18,"column":0},"end":{"line":18,"column":100}},"18":{"start":{"line":19,"column":0},"end":{"line":19,"column":0}},"19":{"start":{"line":20,"column":0},"end":{"line":20,"column":42}},"20":{"start":{"line":21,"column":0},"end":{"line":21,"column":56}},"21":{"start":{"line":22,"column":0},"end":{"line":22,"column":34}},"22":{"start":{"line":23,"column":0},"end":{"line":23,"column":15}},"23":{"start":{"line":24,"column":0},"end":{"line":24,"column":7}}},"s":{"0":0,"1":0,"2":0,"3":0,"4":0,"5":0,"6":0,"7":0,"8":0,"9":0,"10":0,"11":0,"12":0,"13":0,"14":0,"15":0,"16":0,"17":0,"18":0,"19":0,"20":0,"21":0,"22":0,"23":0},"branchMap":{"0":{"type":"branch","line":1,"loc":{"start":{"line":1,"column":722},"end":{"line":24,"column":-86}},"locations":[{"start":{"line":1,"column":722},"end":{"line":24,"column":-86}}]}},"b":{"0":[0]},"fnMap":{"0":{"name":"(empty-report)","decl":{"start":{"line":1,"column":722},"end":{"line":24,"column":-86}},"loc":{"start":{"line":1,"column":722},"end":{"line":24,"column":-86}},"line":1}},"f":{"0":0}}
,"C:\\SCM\\babl.one\\babl.one-core\\scripts\\release.ts": {"path":"C:\\SCM\\babl.one\\babl.one-core\\scripts\\release.ts","all":false,"statementMap":{"9":{"start":{"line":10,"column":0},"end":{"line":10,"column":80}},"10":{"start":{"line":11,"column":0},"end":{"line":11,"column":69}},"16":{"start":{"line":17,"column":0},"end":{"line":17,"column":40}},"17":{"start":{"line":18,"column":0},"end":{"line":18,"column":59}},"18":{"start":{"line":19,"column":0},"end":{"line":19,"column":7}},"24":{"start":{"line":25,"column":0},"end":{"line":25,"column":95}},"25":{"start":{"line":26,"column":0},"end":{"line":26,"column":73}},"26":{"start":{"line":27,"column":0},"end":{"line":27,"column":60}},"27":{"start":{"line":28,"column":0},"end":{"line":28,"column":67}},"28":{"start":{"line":29,"column":0},"end":{"line":29,"column":52}},"29":{"start":{"line":30,"column":0},"end":{"line":30,"column":7}},"35":{"start":{"line":36,"column":0},"end":{"line":36,"column":42}},"36":{"start":{"line":37,"column":0},"end":{"line":37,"column":68}},"37":{"start":{"line":38,"column":0},"end":{"line":38,"column":7}},"43":{"start":{"line":44,"column":0},"end":{"line":44,"column":46}},"44":{"start":{"line":45,"column":0},"end":{"line":45,"column":72}},"45":{"start":{"line":46,"column":0},"end":{"line":46,"column":7}},"51":{"start":{"line":52,"column":0},"end":{"line":52,"column":47}},"52":{"start":{"line":53,"column":0},"end":{"line":53,"column":48}},"53":{"start":{"line":54,"column":0},"end":{"line":54,"column":7}},"59":{"start":{"line":60,"column":0},"end":{"line":60,"column":82}},"60":{"start":{"line":61,"column":0},"end":{"line":61,"column":43}},"61":{"start":{"line":62,"column":0},"end":{"line":62,"column":55}},"63":{"start":{"line":64,"column":0},"end":{"line":64,"column":53}},"64":{"start":{"line":65,"column":0},"end":{"line":65,"column":75}},"65":{"start":{"line":66,"column":0},"end":{"line":66,"column":53}},"67":{"start":{"line":68,"column":0},"end":{"line":68,"column":30}},"68":{"start":{"line":69,"column":0},"end":{"line":69,"column":70}},"70":{"start":{"line":71,"column":0},"end":{"line":71,"column":39}},"71":{"start":{"line":72,"column":0},"end":{"line":72,"column":40}},"73":{"start":{"line":74,"column":0},"end":{"line":74,"column":45}},"74":{"start":{"line":75,"column":0},"end":{"line":75,"column":36}},"75":{"start":{"line":76,"column":0},"end":{"line":76,"column":67}},"76":{"start":{"line":77,"column":0},"end":{"line":77,"column":50}},"77":{"start":{"line":78,"column":0},"end":{"line":78,"column":54}},"79":{"start":{"line":80,"column":0},"end":{"line":80,"column":40}},"80":{"start":{"line":81,"column":0},"end":{"line":81,"column":54}},"82":{"start":{"line":83,"column":0},"end":{"line":83,"column":63}},"83":{"start":{"line":84,"column":0},"end":{"line":84,"column":7}}},"s":{"9":1,"10":1,"16":1,"17":0,"18":0,"24":1,"25":3,"26":3,"27":3,"28":1,"29":1,"35":1,"36":1,"37":1,"43":1,"44":1,"45":1,"51":1,"52":1,"53":1,"59":1,"60":0,"61":0,"63":0,"64":0,"65":0,"67":0,"68":0,"70":0,"71":0,"73":0,"74":0,"75":0,"76":0,"77":0,"79":0,"80":0,"82":0,"83":0},"branchMap":{"0":{"type":"branch","line":25,"loc":{"start":{"line":25,"column":13},"end":{"line":30,"column":7}},"locations":[{"start":{"line":25,"column":13},"end":{"line":30,"column":7}}]},"1":{"type":"branch","line":27,"loc":{"start":{"line":27,"column":34},"end":{"line":27,"column":60}},"locations":[{"start":{"line":27,"column":34},"end":{"line":27,"column":60}}]},"2":{"type":"branch","line":27,"loc":{"start":{"line":27,"column":53},"end":{"line":28,"column":41}},"locations":[{"start":{"line":27,"column":53},"end":{"line":28,"column":41}}]},"3":{"type":"branch","line":28,"loc":{"start":{"line":28,"column":34},"end":{"line":30,"column":7}},"locations":[{"start":{"line":28,"column":34},"end":{"line":30,"column":7}}]},"4":{"type":"branch","line":36,"loc":{"start":{"line":36,"column":13},"end":{"line":38,"column":7}},"locations":[{"start":{"line":36,"column":13},"end":{"line":38,"column":7}}]},"5":{"type":"branch","line":44,"loc":{"start":{"line":44,"column":13},"end":{"line":46,"column":7}},"locations":[{"start":{"line":44,"column":13},"end":{"line":46,"column":7}}]},"6":{"type":"branch","line":52,"loc":{"start":{"line":52,"column":13},"end":{"line":54,"column":7}},"locations":[{"start":{"line":52,"column":13},"end":{"line":54,"column":7}}]}},"b":{"0":[3],"1":[1],"2":[2],"3":[1],"4":[1],"5":[1],"6":[1]},"fnMap":{"0":{"name":"log","decl":{"start":{"line":17,"column":13},"end":{"line":19,"column":7}},"loc":{"start":{"line":17,"column":13},"end":{"line":19,"column":7}},"line":17},"1":{"name":"bumpVersion","decl":{"start":{"line":25,"column":13},"end":{"line":30,"column":7}},"loc":{"start":{"line":25,"column":13},"end":{"line":30,"column":7}},"line":25},"2":{"name":"readPackage","decl":{"start":{"line":36,"column":13},"end":{"line":38,"column":7}},"loc":{"start":{"line":36,"column":13},"end":{"line":38,"column":7}},"line":36},"3":{"name":"writePackage","decl":{"start":{"line":44,"column":13},"end":{"line":46,"column":7}},"loc":{"start":{"line":44,"column":13},"end":{"line":46,"column":7}},"line":44},"4":{"name":"runCommand","decl":{"start":{"line":52,"column":13},"end":{"line":54,"column":7}},"loc":{"start":{"line":52,"column":13},"end":{"line":54,"column":7}},"line":52},"5":{"name":"release","decl":{"start":{"line":60,"column":6},"end":{"line":84,"column":7}},"loc":{"start":{"line":60,"column":6},"end":{"line":84,"column":7}},"line":60}},"f":{"0":0,"1":3,"2":1,"3":1,"4":1,"5":0}}
,"C:\\SCM\\babl.one\\babl.one-core\\src\\app.ts": {"path":"C:\\SCM\\babl.one\\babl.one-core\\src\\app.ts","all":false,"statementMap":{"16":{"start":{"line":17,"column":0},"end":{"line":17,"column":24}},"18":{"start":{"line":19,"column":0},"end":{"line":19,"column":74}},"19":{"start":{"line":20,"column":0},"end":{"line":20,"column":67}},"20":{"start":{"line":21,"column":0},"end":{"line":21,"column":67}},"21":{"start":{"line":22,"column":0},"end":{"line":22,"column":67}},"22":{"start":{"line":23,"column":0},"end":{"line":23,"column":74}},"23":{"start":{"line":24,"column":0},"end":{"line":24,"column":74}},"24":{"start":{"line":25,"column":0},"end":{"line":25,"column":69}},"30":{"start":{"line":31,"column":0},"end":{"line":31,"column":40}},"31":{"start":{"line":32,"column":0},"end":{"line":32,"column":133}},"32":{"start":{"line":33,"column":0},"end":{"line":33,"column":53}},"33":{"start":{"line":34,"column":0},"end":{"line":34,"column":41}},"35":{"start":{"line":36,"column":0},"end":{"line":36,"column":65}},"36":{"start":{"line":37,"column":0},"end":{"line":37,"column":86}},"37":{"start":{"line":38,"column":0},"end":{"line":38,"column":13}},"43":{"start":{"line":44,"column":0},"end":{"line":44,"column":60}},"44":{"start":{"line":45,"column":0},"end":{"line":45,"column":48}},"45":{"start":{"line":46,"column":0},"end":{"line":46,"column":13}},"47":{"start":{"line":48,"column":0},"end":{"line":48,"column":47}},"48":{"start":{"line":49,"column":0},"end":{"line":49,"column":93}},"49":{"start":{"line":50,"column":0},"end":{"line":50,"column":48}},"50":{"start":{"line":51,"column":0},"end":{"line":51,"column":13}},"56":{"start":{"line":57,"column":0},"end":{"line":57,"column":45}},"57":{"start":{"line":58,"column":0},"end":{"line":58,"column":42}},"58":{"start":{"line":59,"column":0},"end":{"line":59,"column":13}},"60":{"start":{"line":61,"column":0},"end":{"line":61,"column":46}},"61":{"start":{"line":62,"column":0},"end":{"line":62,"column":43}},"62":{"start":{"line":63,"column":0},"end":{"line":63,"column":13}},"64":{"start":{"line":65,"column":0},"end":{"line":65,"column":49}},"65":{"start":{"line":66,"column":0},"end":{"line":66,"column":46}},"66":{"start":{"line":67,"column":0},"end":{"line":67,"column":13}},"72":{"start":{"line":73,"column":0},"end":{"line":73,"column":56}},"73":{"start":{"line":74,"column":0},"end":{"line":74,"column":78}},"74":{"start":{"line":75,"column":0},"end":{"line":75,"column":53}},"75":{"start":{"line":76,"column":0},"end":{"line":76,"column":13}},"77":{"start":{"line":78,"column":0},"end":{"line":78,"column":46}},"78":{"start":{"line":79,"column":0},"end":{"line":79,"column":64}},"79":{"start":{"line":80,"column":0},"end":{"line":80,"column":13}},"85":{"start":{"line":86,"column":0},"end":{"line":86,"column":29}},"86":{"start":{"line":87,"column":0},"end":{"line":87,"column":26}},"87":{"start":{"line":88,"column":0},"end":{"line":88,"column":66}},"88":{"start":{"line":89,"column":0},"end":{"line":89,"column":57}},"89":{"start":{"line":90,"column":0},"end":{"line":90,"column":60}},"90":{"start":{"line":91,"column":0},"end":{"line":91,"column":61}},"91":{"start":{"line":92,"column":0},"end":{"line":92,"column":91}},"92":{"start":{"line":93,"column":0},"end":{"line":93,"column":20}},"93":{"start":{"line":94,"column":0},"end":{"line":94,"column":13}},"99":{"start":{"line":100,"column":0},"end":{"line":100,"column":33}},"100":{"start":{"line":101,"column":0},"end":{"line":101,"column":75}},"101":{"start":{"line":102,"column":0},"end":{"line":102,"column":62}},"102":{"start":{"line":103,"column":0},"end":{"line":103,"column":63}},"103":{"start":{"line":104,"column":0},"end":{"line":104,"column":13}},"105":{"start":{"line":106,"column":0},"end":{"line":106,"column":37}},"106":{"start":{"line":107,"column":0},"end":{"line":107,"column":76}},"107":{"start":{"line":108,"column":0},"end":{"line":108,"column":69}},"108":{"start":{"line":109,"column":0},"end":{"line":109,"column":13}},"110":{"start":{"line":111,"column":0},"end":{"line":111,"column":7}},"116":{"start":{"line":117,"column":0},"end":{"line":117,"column":72}}},"s":{"16":1,"18":3,"19":3,"20":3,"21":3,"22":3,"23":3,"24":3,"30":3,"31":0,"32":0,"33":0,"35":0,"36":0,"37":0,"43":3,"44":2,"45":2,"47":3,"48":2,"49":2,"50":2,"56":3,"57":0,"58":0,"60":3,"61":0,"62":0,"64":3,"65":0,"66":0,"72":3,"73":0,"74":0,"75":0,"77":3,"78":0,"79":0,"85":3,"86":0,"87":0,"88":0,"89":0,"90":0,"91":0,"92":0,"93":0,"99":3,"100":0,"101":0,"102":0,"103":0,"105":3,"106":0,"107":0,"108":0,"110":3,"116":1},"branchMap":{"0":{"type":"branch","line":17,"loc":{"start":{"line":17,"column":13},"end":{"line":111,"column":7}},"locations":[{"start":{"line":17,"column":13},"end":{"line":111,"column":7}}]},"1":{"type":"branch","line":44,"loc":{"start":{"line":44,"column":19},"end":{"line":46,"column":13}},"locations":[{"start":{"line":44,"column":19},"end":{"line":46,"column":13}}]},"2":{"type":"branch","line":48,"loc":{"start":{"line":48,"column":19},"end":{"line":51,"column":13}},"locations":[{"start":{"line":48,"column":19},"end":{"line":51,"column":13}}]},"3":{"type":"branch","line":49,"loc":{"start":{"line":49,"column":47},"end":{"line":49,"column":93}},"locations":[{"start":{"line":49,"column":47},"end":{"line":49,"column":93}}]}},"b":{"0":[3],"1":[2],"2":[2],"3":[0]},"fnMap":{"0":{"name":"<instance_members_initializer>","decl":{"start":{"line":17,"column":13},"end":{"line":111,"column":7}},"loc":{"start":{"line":17,"column":13},"end":{"line":111,"column":7}},"line":17},"1":{"name":"use","decl":{"start":{"line":31,"column":19},"end":{"line":38,"column":13}},"loc":{"start":{"line":31,"column":19},"end":{"line":38,"column":13}},"line":31},"2":{"name":"provide","decl":{"start":{"line":44,"column":19},"end":{"line":46,"column":13}},"loc":{"start":{"line":44,"column":19},"end":{"line":46,"column":13}},"line":44},"3":{"name":"resolve","decl":{"start":{"line":48,"column":19},"end":{"line":51,"column":13}},"loc":{"start":{"line":48,"column":19},"end":{"line":51,"column":13}},"line":48},"4":{"name":"onInit","decl":{"start":{"line":57,"column":19},"end":{"line":59,"column":13}},"loc":{"start":{"line":57,"column":19},"end":{"line":59,"column":13}},"line":57},"5":{"name":"onReady","decl":{"start":{"line":61,"column":19},"end":{"line":63,"column":13}},"loc":{"start":{"line":61,"column":19},"end":{"line":63,"column":13}},"line":61},"6":{"name":"onShutdown","decl":{"start":{"line":65,"column":19},"end":{"line":67,"column":13}},"loc":{"start":{"line":65,"column":19},"end":{"line":67,"column":13}},"line":65},"7":{"name":"on","decl":{"start":{"line":73,"column":19},"end":{"line":76,"column":13}},"loc":{"start":{"line":73,"column":19},"end":{"line":76,"column":13}},"line":73},"8":{"name":"emit","decl":{"start":{"line":78,"column":19},"end":{"line":80,"column":13}},"loc":{"start":{"line":78,"column":19},"end":{"line":80,"column":13}},"line":78},"9":{"name":"status","decl":{"start":{"line":86,"column":19},"end":{"line":94,"column":13}},"loc":{"start":{"line":86,"column":19},"end":{"line":94,"column":13}},"line":86},"10":{"name":"init","decl":{"start":{"line":100,"column":12},"end":{"line":104,"column":13}},"loc":{"start":{"line":100,"column":12},"end":{"line":104,"column":13}},"line":100},"11":{"name":"shutdown","decl":{"start":{"line":106,"column":12},"end":{"line":109,"column":13}},"loc":{"start":{"line":106,"column":12},"end":{"line":109,"column":13}},"line":106}},"f":{"0":3,"1":0,"2":2,"3":2,"4":0,"5":0,"6":0,"7":0,"8":0,"9":0,"10":0,"11":0}}
,"C:\\SCM\\babl.one\\babl.one-core\\src\\index.ts": {"path":"C:\\SCM\\babl.one\\babl.one-core\\src\\index.ts","all":true,"statementMap":{"5":{"start":{"line":6,"column":0},"end":{"line":6,"column":57}},"11":{"start":{"line":12,"column":0},"end":{"line":12,"column":24}},"12":{"start":{"line":13,"column":0},"end":{"line":13,"column":96}},"13":{"start":{"line":14,"column":0},"end":{"line":14,"column":40}},"14":{"start":{"line":15,"column":0},"end":{"line":15,"column":9}},"16":{"start":{"line":17,"column":0},"end":{"line":17,"column":25}},"17":{"start":{"line":18,"column":0},"end":{"line":18,"column":96}},"18":{"start":{"line":19,"column":0},"end":{"line":19,"column":37}},"19":{"start":{"line":20,"column":0},"end":{"line":20,"column":9}},"21":{"start":{"line":22,"column":0},"end":{"line":22,"column":28}},"22":{"start":{"line":23,"column":0},"end":{"line":23,"column":96}},"23":{"start":{"line":24,"column":0},"end":{"line":24,"column":42}},"24":{"start":{"line":25,"column":0},"end":{"line":25,"column":9}},"31":{"start":{"line":32,"column":0},"end":{"line":32,"column":40}},"32":{"start":{"line":33,"column":0},"end":{"line":33,"column":52}},"33":{"start":{"line":34,"column":0},"end":{"line":34,"column":33}},"34":{"start":{"line":35,"column":0},"end":{"line":35,"column":28}},"35":{"start":{"line":36,"column":0},"end":{"line":36,"column":9}},"37":{"start":{"line":38,"column":0},"end":{"line":38,"column":41}},"38":{"start":{"line":39,"column":0},"end":{"line":39,"column":44}},"39":{"start":{"line":40,"column":0},"end":{"line":40,"column":33}},"40":{"start":{"line":41,"column":0},"end":{"line":41,"column":28}},"41":{"start":{"line":42,"column":0},"end":{"line":42,"column":9}},"48":{"start":{"line":49,"column":0},"end":{"line":49,"column":23}}},"s":{"5":0,"11":0,"12":0,"13":0,"14":0,"16":0,"17":0,"18":0,"19":0,"21":0,"22":0,"23":0,"24":0,"31":0,"32":0,"33":0,"34":0,"35":0,"37":0,"38":0,"39":0,"40":0,"41":0,"48":0},"branchMap":{"0":{"type":"branch","line":1,"loc":{"start":{"line":1,"column":2335},"end":{"line":49,"column":23}},"locations":[{"start":{"line":1,"column":2335},"end":{"line":49,"column":23}}]}},"b":{"0":[1]},"fnMap":{"0":{"name":"(empty-report)","decl":{"start":{"line":1,"column":2335},"end":{"line":49,"column":23}},"loc":{"start":{"line":1,"column":2335},"end":{"line":49,"column":23}},"line":1}},"f":{"0":1}}
,"C:\\SCM\\babl.one\\babl.one-core\\src\\plugins\\logger.ts": {"path":"C:\\SCM\\babl.one\\babl.one-core\\src\\plugins\\logger.ts","all":false,"statementMap":{"15":{"start":{"line":16,"column":0},"end":{"line":16,"column":54}},"16":{"start":{"line":17,"column":0},"end":{"line":17,"column":45}},"17":{"start":{"line":18,"column":0},"end":{"line":18,"column":7}},"23":{"start":{"line":24,"column":0},"end":{"line":24,"column":17}},"29":{"start":{"line":30,"column":0},"end":{"line":30,"column":28}},"35":{"start":{"line":36,"column":0},"end":{"line":36,"column":78}},"36":{"start":{"line":37,"column":0},"end":{"line":37,"column":55}},"37":{"start":{"line":38,"column":0},"end":{"line":38,"column":13}},"39":{"start":{"line":40,"column":0},"end":{"line":40,"column":7}},"45":{"start":{"line":46,"column":0},"end":{"line":46,"column":27}},"51":{"start":{"line":52,"column":0},"end":{"line":52,"column":77}},"52":{"start":{"line":53,"column":0},"end":{"line":53,"column":33}},"53":{"start":{"line":54,"column":0},"end":{"line":54,"column":91}},"54":{"start":{"line":55,"column":0},"end":{"line":55,"column":91}},"55":{"start":{"line":56,"column":0},"end":{"line":56,"column":91}},"56":{"start":{"line":57,"column":0},"end":{"line":57,"column":91}},"57":{"start":{"line":58,"column":0},"end":{"line":58,"column":91}},"58":{"start":{"line":59,"column":0},"end":{"line":59,"column":91}},"59":{"start":{"line":60,"column":0},"end":{"line":60,"column":91}},"60":{"start":{"line":61,"column":0},"end":{"line":61,"column":91}},"61":{"start":{"line":62,"column":0},"end":{"line":62,"column":91}},"62":{"start":{"line":63,"column":0},"end":{"line":63,"column":91}},"63":{"start":{"line":64,"column":0},"end":{"line":64,"column":41}},"64":{"start":{"line":65,"column":0},"end":{"line":65,"column":58}},"65":{"start":{"line":66,"column":0},"end":{"line":66,"column":49}},"66":{"start":{"line":67,"column":0},"end":{"line":67,"column":19}},"67":{"start":{"line":68,"column":0},"end":{"line":68,"column":13}},"73":{"start":{"line":74,"column":0},"end":{"line":74,"column":76}},"74":{"start":{"line":75,"column":0},"end":{"line":75,"column":91}},"75":{"start":{"line":76,"column":0},"end":{"line":76,"column":45}},"76":{"start":{"line":77,"column":0},"end":{"line":77,"column":176}},"77":{"start":{"line":78,"column":0},"end":{"line":78,"column":19}},"78":{"start":{"line":79,"column":0},"end":{"line":79,"column":13}},"84":{"start":{"line":85,"column":0},"end":{"line":85,"column":72}},"85":{"start":{"line":86,"column":0},"end":{"line":86,"column":45}},"86":{"start":{"line":87,"column":0},"end":{"line":87,"column":34}},"87":{"start":{"line":88,"column":0},"end":{"line":88,"column":115}},"88":{"start":{"line":89,"column":0},"end":{"line":89,"column":91}},"89":{"start":{"line":90,"column":0},"end":{"line":90,"column":45}},"90":{"start":{"line":91,"column":0},"end":{"line":91,"column":91}},"91":{"start":{"line":92,"column":0},"end":{"line":92,"column":110}},"92":{"start":{"line":93,"column":0},"end":{"line":93,"column":19}},"93":{"start":{"line":94,"column":0},"end":{"line":94,"column":115}},"94":{"start":{"line":95,"column":0},"end":{"line":95,"column":34}},"95":{"start":{"line":96,"column":0},"end":{"line":96,"column":13}},"101":{"start":{"line":102,"column":0},"end":{"line":102,"column":78}},"102":{"start":{"line":103,"column":0},"end":{"line":103,"column":45}},"103":{"start":{"line":104,"column":0},"end":{"line":104,"column":34}},"104":{"start":{"line":105,"column":0},"end":{"line":105,"column":115}},"105":{"start":{"line":106,"column":0},"end":{"line":106,"column":91}},"106":{"start":{"line":107,"column":0},"end":{"line":107,"column":45}},"107":{"start":{"line":108,"column":0},"end":{"line":108,"column":91}},"108":{"start":{"line":109,"column":0},"end":{"line":109,"column":110}},"109":{"start":{"line":110,"column":0},"end":{"line":110,"column":19}},"110":{"start":{"line":111,"column":0},"end":{"line":111,"column":115}},"111":{"start":{"line":112,"column":0},"end":{"line":112,"column":34}},"112":{"start":{"line":113,"column":0},"end":{"line":113,"column":13}},"118":{"start":{"line":119,"column":0},"end":{"line":119,"column":38}},"119":{"start":{"line":120,"column":0},"end":{"line":120,"column":61}},"120":{"start":{"line":121,"column":0},"end":{"line":121,"column":47}},"121":{"start":{"line":122,"column":0},"end":{"line":122,"column":47}},"122":{"start":{"line":123,"column":0},"end":{"line":123,"column":48}},"123":{"start":{"line":124,"column":0},"end":{"line":124,"column":48}},"124":{"start":{"line":125,"column":0},"end":{"line":125,"column":48}},"125":{"start":{"line":126,"column":0},"end":{"line":126,"column":48}},"126":{"start":{"line":127,"column":0},"end":{"line":127,"column":48}},"127":{"start":{"line":128,"column":0},"end":{"line":128,"column":48}},"128":{"start":{"line":129,"column":0},"end":{"line":129,"column":48}},"129":{"start":{"line":130,"column":0},"end":{"line":130,"column":48}},"130":{"start":{"line":131,"column":0},"end":{"line":131,"column":48}},"131":{"start":{"line":132,"column":0},"end":{"line":132,"column":48}},"132":{"start":{"line":133,"column":0},"end":{"line":133,"column":48}},"133":{"start":{"line":134,"column":0},"end":{"line":134,"column":48}},"134":{"start":{"line":135,"column":0},"end":{"line":135,"column":48}},"135":{"start":{"line":136,"column":0},"end":{"line":136,"column":48}},"136":{"start":{"line":137,"column":0},"end":{"line":137,"column":48}},"137":{"start":{"line":138,"column":0},"end":{"line":138,"column":47}},"138":{"start":{"line":139,"column":0},"end":{"line":139,"column":20}},"139":{"start":{"line":140,"column":0},"end":{"line":140,"column":35}},"140":{"start":{"line":141,"column":0},"end":{"line":141,"column":13}},"142":{"start":{"line":143,"column":0},"end":{"line":143,"column":7}}},"s":{"15":1,"16":2,"17":2,"23":1,"29":1,"35":1,"36":1,"37":1,"39":1,"45":1,"51":1,"52":1,"53":1,"54":1,"55":1,"56":1,"57":1,"58":1,"59":1,"60":1,"61":1,"62":1,"63":1,"64":0,"65":0,"66":1,"67":1,"73":1,"74":1,"75":1,"76":1,"77":1,"78":1,"84":1,"85":0,"86":0,"87":0,"88":0,"89":0,"90":0,"91":0,"92":0,"93":0,"94":0,"95":0,"101":1,"102":0,"103":0,"104":0,"105":0,"106":0,"107":0,"108":0,"109":0,"110":0,"111":0,"112":0,"118":1,"119":2,"120":2,"121":2,"122":2,"123":2,"124":2,"125":2,"126":2,"127":2,"128":2,"129":2,"130":2,"131":2,"132":2,"133":2,"134":2,"135":2,"136":2,"137":2,"138":2,"139":2,"140":2,"142":1},"branchMap":{"0":{"type":"branch","line":16,"loc":{"start":{"line":16,"column":6},"end":{"line":18,"column":7}},"locations":[{"start":{"line":16,"column":6},"end":{"line":18,"column":7}}]},"1":{"type":"branch","line":30,"loc":{"start":{"line":30,"column":12},"end":{"line":30,"column":28}},"locations":[{"start":{"line":30,"column":12},"end":{"line":30,"column":28}}]},"2":{"type":"branch","line":36,"loc":{"start":{"line":36,"column":12},"end":{"line":38,"column":13}},"locations":[{"start":{"line":36,"column":12},"end":{"line":38,"column":13}}]},"3":{"type":"branch","line":52,"loc":{"start":{"line":52,"column":12},"end":{"line":68,"column":13}},"locations":[{"start":{"line":52,"column":12},"end":{"line":68,"column":13}}]},"4":{"type":"branch","line":55,"loc":{"start":{"line":55,"column":24},"end":{"line":55,"column":91}},"locations":[{"start":{"line":55,"column":24},"end":{"line":55,"column":91}}]},"5":{"type":"branch","line":56,"loc":{"start":{"line":56,"column":24},"end":{"line":56,"column":91}},"locations":[{"start":{"line":56,"column":24},"end":{"line":56,"column":91}}]},"6":{"type":"branch","line":57,"loc":{"start":{"line":57,"column":24},"end":{"line":57,"column":91}},"locations":[{"start":{"line":57,"column":24},"end":{"line":57,"column":91}}]},"7":{"type":"branch","line":58,"loc":{"start":{"line":58,"column":24},"end":{"line":58,"column":91}},"locations":[{"start":{"line":58,"column":24},"end":{"line":58,"column":91}}]},"8":{"type":"branch","line":59,"loc":{"start":{"line":59,"column":24},"end":{"line":59,"column":91}},"locations":[{"start":{"line":59,"column":24},"end":{"line":59,"column":91}}]},"9":{"type":"branch","line":60,"loc":{"start":{"line":60,"column":24},"end":{"line":60,"column":91}},"locations":[{"start":{"line":60,"column":24},"end":{"line":60,"column":91}}]},"10":{"type":"branch","line":61,"loc":{"start":{"line":61,"column":24},"end":{"line":61,"column":91}},"locations":[{"start":{"line":61,"column":24},"end":{"line":61,"column":91}}]},"11":{"type":"branch","line":62,"loc":{"start":{"line":62,"column":24},"end":{"line":62,"column":91}},"locations":[{"start":{"line":62,"column":24},"end":{"line":62,"column":91}}]},"12":{"type":"branch","line":63,"loc":{"start":{"line":63,"column":24},"end":{"line":63,"column":91}},"locations":[{"start":{"line":63,"column":24},"end":{"line":63,"column":91}}]},"13":{"type":"branch","line":64,"loc":{"start":{"line":64,"column":24},"end":{"line":66,"column":49}},"locations":[{"start":{"line":64,"column":24},"end":{"line":66,"column":49}}]},"14":{"type":"branch","line":74,"loc":{"start":{"line":74,"column":12},"end":{"line":79,"column":13}},"locations":[{"start":{"line":74,"column":12},"end":{"line":79,"column":13}}]},"15":{"type":"branch","line":75,"loc":{"start":{"line":75,"column":79},"end":{"line":75,"column":91}},"locations":[{"start":{"line":75,"column":79},"end":{"line":75,"column":91}}]},"16":{"type":"branch","line":119,"loc":{"start":{"line":119,"column":12},"end":{"line":141,"column":13}},"locations":[{"start":{"line":119,"column":12},"end":{"line":141,"column":13}}]}},"b":{"0":[2],"1":[2],"2":[1],"3":[1],"4":[0],"5":[0],"6":[0],"7":[0],"8":[0],"9":[0],"10":[0],"11":[0],"12":[0],"13":[0],"14":[1],"15":[0],"16":[2]},"fnMap":{"0":{"name":"LoggerPlugin","decl":{"start":{"line":16,"column":6},"end":{"line":18,"column":7}},"loc":{"start":{"line":16,"column":6},"end":{"line":18,"column":7}},"line":16},"1":{"name":"Log","decl":{"start":{"line":30,"column":12},"end":{"line":30,"column":28}},"loc":{"start":{"line":30,"column":12},"end":{"line":30,"column":28}},"line":30},"2":{"name":"log","decl":{"start":{"line":36,"column":12},"end":{"line":38,"column":13}},"loc":{"start":{"line":36,"column":12},"end":{"line":38,"column":13}},"line":36},"3":{"name":"LogDispatcher","decl":{"start":{"line":52,"column":12},"end":{"line":68,"column":13}},"loc":{"start":{"line":52,"column":12},"end":{"line":68,"column":13}},"line":52},"4":{"name":"echo","decl":{"start":{"line":74,"column":12},"end":{"line":79,"column":13}},"loc":{"start":{"line":74,"column":12},"end":{"line":79,"column":13}},"line":74},"5":{"name":"head","decl":{"start":{"line":85,"column":12},"end":{"line":96,"column":13}},"loc":{"start":{"line":85,"column":12},"end":{"line":96,"column":13}},"line":85},"6":{"name":"question","decl":{"start":{"line":102,"column":12},"end":{"line":113,"column":13}},"loc":{"start":{"line":102,"column":12},"end":{"line":113,"column":13}},"line":102},"7":{"name":"color","decl":{"start":{"line":119,"column":12},"end":{"line":141,"column":13}},"loc":{"start":{"line":119,"column":12},"end":{"line":141,"column":13}},"line":119}},"f":{"0":2,"1":2,"2":1,"3":1,"4":1,"5":0,"6":0,"7":2}}
}
